<?xml version="1.0" encoding="UTF-8"?>
<!-- Generated by org.testng.reporters.JUnitXMLReporter -->
<testsuite ignored="13" hostname="DESKTOP-OBP08OP" failures="0" tests="1" name="Default test" time="24.098" errors="0" timestamp="2025-06-20T23:39:11 EET">
  <testcase classname="TestCase.FinialProjecrt.TestCases" name="CustomerSupport" time="22.368"/>
  <testcase classname="TestCase.FinialProjecrt.TestCases" name="CreateAccount" time="0.0">
    <ignored/>
  </testcase> <!-- CreateAccount -->
  <testcase classname="TestCase.FinialProjecrt.TestCases" name="BookingProcess" time="0.0">
    <ignored/>
  </testcase> <!-- BookingProcess -->
  <testcase classname="TestCase.FinialProjecrt.TestCases" name="FlightSearch" time="0.0">
    <ignored/>
  </testcase> <!-- FlightSearch -->
  <testcase classname="TestCase.FinialProjecrt.TestCases" name="HotelBookingProcess" time="0.0">
    <ignored/>
  </testcase> <!-- HotelBookingProcess -->
  <testcase classname="TestCase.FinialProjecrt.TestCases" name="CheckOutProcess" time="0.0">
    <ignored/>
  </testcase> <!-- CheckOutProcess -->
  <testcase classname="TestCase.FinialProjecrt.TestCases" name="LoginAccount" time="0.0">
    <ignored/>
  </testcase> <!-- LoginAccount -->
  <testcase classname="TestCase.FinialProjecrt.TestCases" name="CheckOutHotal" time="0.0">
    <ignored/>
  </testcase> <!-- CheckOutHotal -->
  <testcase classname="TestCase.FinialProjecrt.TestCases" name="ForgetPassward" time="0.0">
    <ignored/>
  </testcase> <!-- ForgetPassward -->
  <testcase classname="TestCase.FinialProjecrt.TestCases" name="MultiLanguageUsing" time="0.0">
    <ignored/>
  </testcase> <!-- MultiLanguageUsing -->
  <testcase classname="TestCase.FinialProjecrt.TestCases" name="HotelSearch" time="0.0">
    <ignored/>
  </testcase> <!-- HotelSearch -->
  <testcase classname="TestCase.FinialProjecrt.TestCases" name="FiltersSearchResults" time="0.0">
    <ignored/>
  </testcase> <!-- FiltersSearchResults -->
  <testcase classname="TestCase.FinialProjecrt.TestCases" name="SubmitInformation" time="0.0">
    <ignored/>
  </testcase> <!-- SubmitInformation -->
  <testcase classname="TestCase.FinialProjecrt.TestCases" name="PromotionalOffers" time="0.0">
    <ignored/>
  </testcase> <!-- PromotionalOffers -->
</testsuite> <!-- Default test -->
