<?xml version="1.0" encoding="UTF-8"?>
<testng-results ignored="7" total="18" passed="11" failed="0" skipped="0">
  <reporter-output>
  </reporter-output>
  <suite started-at="2025-06-24T13:31:23 EET" name="Default suite" finished-at="2025-06-24T13:33:50 EET" duration-ms="146511">
    <groups>
    </groups>
    <test started-at="2025-06-24T13:31:23 EET" name="Default test" finished-at="2025-06-24T13:33:50 EET" duration-ms="146511">
      <class name="TestCase.FinialProjecrt.TestCases">
        <test-method is-config="true" signature="HomePage()[pri:0, instance:TestCase.FinialProjecrt.TestCases@753432a2]" started-at="2025-06-24T13:31:23 EET" name="HomePage" finished-at="2025-06-24T13:31:26 EET" duration-ms="2231" status="PASS">
          <reporter-output>
          </reporter-output>
        </test-method> <!-- HomePage -->
        <test-method signature="LoginAccount()[pri:1, instance:TestCase.FinialProjecrt.TestCases@753432a2]" started-at="2025-06-24T13:31:26 EET" name="LoginAccount" finished-at="2025-06-24T13:31:30 EET" duration-ms="4343" status="PASS">
          <reporter-output>
          </reporter-output>
        </test-method> <!-- LoginAccount -->
        <test-method signature="MultiLanguageUsing()[pri:2, instance:TestCase.FinialProjecrt.TestCases@753432a2]" started-at="2025-06-24T13:31:30 EET" name="MultiLanguageUsing" finished-at="2025-06-24T13:31:36 EET" duration-ms="5741" status="PASS">
          <reporter-output>
          </reporter-output>
        </test-method> <!-- MultiLanguageUsing -->
        <test-method signature="MultiLanguageUsing()[pri:2, instance:TestCase.FinialProjecrt.TestCases@753432a2]" started-at="2025-06-24T13:31:36 EET" name="MultiLanguageUsing" finished-at="2025-06-24T13:31:41 EET" duration-ms="5375" status="PASS">
          <reporter-output>
          </reporter-output>
        </test-method> <!-- MultiLanguageUsing -->
        <test-method signature="MultiLanguageUsing()[pri:2, instance:TestCase.FinialProjecrt.TestCases@753432a2]" started-at="2025-06-24T13:31:41 EET" name="MultiLanguageUsing" finished-at="2025-06-24T13:31:46 EET" duration-ms="5057" status="PASS">
          <reporter-output>
          </reporter-output>
        </test-method> <!-- MultiLanguageUsing -->
        <test-method signature="MultiLanguageUsing()[pri:2, instance:TestCase.FinialProjecrt.TestCases@753432a2]" started-at="2025-06-24T13:31:46 EET" name="MultiLanguageUsing" finished-at="2025-06-24T13:31:51 EET" duration-ms="5027" status="PASS">
          <reporter-output>
          </reporter-output>
        </test-method> <!-- MultiLanguageUsing -->
        <test-method signature="MultiLanguageUsing()[pri:2, instance:TestCase.FinialProjecrt.TestCases@753432a2]" started-at="2025-06-24T13:31:51 EET" name="MultiLanguageUsing" finished-at="2025-06-24T13:31:54 EET" duration-ms="3219" status="PASS">
          <reporter-output>
          </reporter-output>
        </test-method> <!-- MultiLanguageUsing -->
        <test-method signature="HotelSearch()[pri:9, instance:TestCase.FinialProjecrt.TestCases@753432a2]" started-at="2025-06-24T13:31:54 EET" name="HotelSearch" finished-at="2025-06-24T13:32:09 EET" duration-ms="14621" status="PASS">
          <reporter-output>
          </reporter-output>
        </test-method> <!-- HotelSearch -->
        <test-method signature="HotelBookingProcess()[pri:10, instance:TestCase.FinialProjecrt.TestCases@753432a2]" started-at="2025-06-24T13:32:09 EET" name="HotelBookingProcess" finished-at="2025-06-24T13:33:05 EET" duration-ms="55526" status="PASS">
          <reporter-output>
          </reporter-output>
        </test-method> <!-- HotelBookingProcess -->
        <test-method signature="CheckOutHotal()[pri:11, instance:TestCase.FinialProjecrt.TestCases@753432a2]" started-at="2025-06-24T13:33:05 EET" name="CheckOutHotal" finished-at="2025-06-24T13:33:19 EET" duration-ms="14656" status="PASS">
          <reporter-output>
          </reporter-output>
        </test-method> <!-- CheckOutHotal -->
        <test-method signature="PromotionalOffers()[pri:13, instance:TestCase.FinialProjecrt.TestCases@753432a2]" started-at="2025-06-24T13:33:19 EET" name="PromotionalOffers" finished-at="2025-06-24T13:33:32 EET" duration-ms="13055" status="PASS">
          <reporter-output>
          </reporter-output>
        </test-method> <!-- PromotionalOffers -->
        <test-method signature="CustomerSupport()[pri:14, instance:TestCase.FinialProjecrt.TestCases@753432a2]" started-at="2025-06-24T13:33:32 EET" name="CustomerSupport" finished-at="2025-06-24T13:33:50 EET" duration-ms="17531" status="PASS">
          <reporter-output>
          </reporter-output>
        </test-method> <!-- CustomerSupport -->
      </class> <!-- TestCase.FinialProjecrt.TestCases -->
    </test> <!-- Default test -->
  </suite> <!-- Default suite -->
</testng-results>
